<?xml version="1.0" encoding="UTF-8"?>
<!-- Generated by org.testng.reporters.JUnitXMLReporter -->
<testsuite hostname="DESKTOP-KT1E9N1" ignored="0" name="Surefire test" tests="3" failures="1" timestamp="05 may 2020 22:24:29 GMT" time="119.742" errors="0">
  <testcase name="testLogeoExitoso" time="25.066" classname="com.com470.seleniumMercuryApp.SeleniumMercuryAppApplicationNGTest"/>
  <testcase name="testLogeoFallido" time="5.5" classname="com.com470.seleniumMercuryApp.SeleniumMercuryAppApplicationNGTest"/>
  <testcase name="testPasajeros" time="54.29" classname="com.com470.seleniumMercuryApp.SeleniumMercuryAppApplicationNGTest">
    <failure type="org.openqa.selenium.NoSuchElementException" message="Cannot locate option with value: London
For documentation on this error, please visit: https://www.seleniumhq.org/exceptions/no_such_element.html
Build info: version: &amp;apos;3.141.59&amp;apos;, revision: &amp;apos;e82be7d358&amp;apos;, time: &amp;apos;2018-11-14T08:17:03&amp;apos;
System info: host: &amp;apos;DESKTOP-KT1E9N1&amp;apos;, ip: &amp;apos;192.168.1.7&amp;apos;, os.name: &amp;apos;Windows 10&amp;apos;, os.arch: &amp;apos;amd64&amp;apos;, os.version: &amp;apos;10.0&amp;apos;, java.version: &amp;apos;1.8.0_221&amp;apos;
Driver info: driver.version: unknown">
      <![CDATA[org.openqa.selenium.NoSuchElementException: Cannot locate option with value: London
For documentation on this error, please visit: https://www.seleniumhq.org/exceptions/no_such_element.html
Build info: version: '3.141.59', revision: 'e82be7d358', time: '2018-11-14T08:17:03'
System info: host: 'DESKTOP-KT1E9N1', ip: '192.168.1.7', os.name: 'Windows 10', os.arch: 'amd64', os.version: '10.0', java.version: '1.8.0_221'
Driver info: driver.version: unknown
at org.openqa.selenium.support.ui.Select.findOptionsByValue(Select.java:283)
at org.openqa.selenium.support.ui.Select.selectByValue(Select.java:186)
at com.com470.seleniumMercuryApp.SeleniumMercuryAppApplicationNGTest.testPasajeros(SeleniumMercuryAppApplicationNGTest.java:76)
... Removed 29 stack frames]]>
    </failure>
  </testcase> <!-- testPasajeros -->
</testsuite> <!-- Surefire test -->
