-------------------------------------------------------------------------------
Test set: com.com470.seleniumMercuryApp.SeleniumMercuryAppApplicationNGTest
-------------------------------------------------------------------------------
Tests run: 3, Failures: 1, Errors: 0, Skipped: 0, Time elapsed: 120.321 sec <<< FAILURE! - in com.com470.seleniumMercuryApp.SeleniumMercuryAppApplicationNGTest
testPasajeros(com.com470.seleniumMercuryApp.SeleniumMercuryAppApplicationNGTest)  Time elapsed: 54.29 sec  <<< FAILURE!
org.openqa.selenium.NoSuchElementException: 
Cannot locate option with value: London
For documentation on this error, please visit: https://www.seleniumhq.org/exceptions/no_such_element.html
Build info: version: '3.141.59', revision: 'e82be7d358', time: '2018-11-14T08:17:03'
System info: host: 'DESKTOP-KT1E9N1', ip: '192.168.1.7', os.name: 'Windows 10', os.arch: 'amd64', os.version: '10.0', java.version: '1.8.0_221'
Driver info: driver.version: unknown
	at com.com470.seleniumMercuryApp.SeleniumMercuryAppApplicationNGTest.testPasajeros(SeleniumMercuryAppApplicationNGTest.java:76)

